<?xml version="1.0" encoding="UTF-8"?>
<!-- Generated by org.testng.reporters.JUnitXMLReporter -->
<testsuite ignored="0" hostname="PRASHANT" failures="0" tests="3" name="testng-maven-repo" time="0.068" errors="0" timestamp="2025-09-28T23:06:11 IST">
  <testcase classname="com.example.SimpleTest" name="testAddition" time="0.002"/>
  <testcase classname="com.example.SimpleTest" name="testSoftAssert" time="0.007"/>
  <testcase classname="com.example.SimpleTest" name="testString" time="0.0"/>
</testsuite> <!-- testng-maven-repo -->
