<?xml version="1.0" encoding="UTF-8"?>
<testng-results ignored="0" total="3" passed="3" failed="0" skipped="0">
  <reporter-output>
  </reporter-output>
  <suite started-at="2025-09-28T23:06:11 IST" name="Default Suite" finished-at="2025-09-28T23:06:11 IST" duration-ms="68">
    <groups>
    </groups>
    <test started-at="2025-09-28T23:06:11 IST" name="testng-maven-repo" finished-at="2025-09-28T23:06:11 IST" duration-ms="68">
      <class name="com.example.SimpleTest">
        <test-method is-config="true" signature="setup()[pri:0, instance:com.example.SimpleTest@4466af20]" started-at="2025-09-28T23:06:11 IST" name="setup" finished-at="2025-09-28T23:06:11 IST" duration-ms="15" status="PASS">
          <reporter-output>
          </reporter-output>
        </test-method> <!-- setup -->
        <test-method is-config="true" signature="beforeEach()[pri:0, instance:com.example.SimpleTest@4466af20]" started-at="2025-09-28T23:06:11 IST" name="beforeEach" finished-at="2025-09-28T23:06:11 IST" duration-ms="1" status="PASS">
          <reporter-output>
          </reporter-output>
        </test-method> <!-- beforeEach -->
        <test-method signature="testAddition()[pri:0, instance:com.example.SimpleTest@4466af20]" started-at="2025-09-28T23:06:11 IST" name="testAddition" finished-at="2025-09-28T23:06:11 IST" duration-ms="2" status="PASS">
          <reporter-output>
          </reporter-output>
        </test-method> <!-- testAddition -->
        <test-method is-config="true" signature="afterEach()[pri:0, instance:com.example.SimpleTest@4466af20]" started-at="2025-09-28T23:06:11 IST" name="afterEach" finished-at="2025-09-28T23:06:11 IST" duration-ms="0" status="PASS">
          <reporter-output>
          </reporter-output>
        </test-method> <!-- afterEach -->
        <test-method is-config="true" signature="beforeEach()[pri:0, instance:com.example.SimpleTest@4466af20]" started-at="2025-09-28T23:06:11 IST" name="beforeEach" finished-at="2025-09-28T23:06:11 IST" duration-ms="1" status="PASS">
          <reporter-output>
          </reporter-output>
        </test-method> <!-- beforeEach -->
        <test-method signature="testSoftAssert()[pri:0, instance:com.example.SimpleTest@4466af20]" started-at="2025-09-28T23:06:11 IST" name="testSoftAssert" finished-at="2025-09-28T23:06:11 IST" duration-ms="7" status="PASS">
          <reporter-output>
          </reporter-output>
        </test-method> <!-- testSoftAssert -->
        <test-method is-config="true" signature="afterEach()[pri:0, instance:com.example.SimpleTest@4466af20]" started-at="2025-09-28T23:06:11 IST" name="afterEach" finished-at="2025-09-28T23:06:11 IST" duration-ms="0" status="PASS">
          <reporter-output>
          </reporter-output>
        </test-method> <!-- afterEach -->
        <test-method signature="testString()[pri:0, instance:com.example.SimpleTest@4466af20]" started-at="2025-09-28T23:06:11 IST" name="testString" finished-at="2025-09-28T23:06:11 IST" duration-ms="0" status="PASS">
          <reporter-output>
          </reporter-output>
        </test-method> <!-- testString -->
        <test-method is-config="true" signature="beforeEach()[pri:0, instance:com.example.SimpleTest@4466af20]" started-at="2025-09-28T23:06:11 IST" name="beforeEach" finished-at="2025-09-28T23:06:11 IST" duration-ms="0" status="PASS">
          <reporter-output>
          </reporter-output>
        </test-method> <!-- beforeEach -->
        <test-method is-config="true" signature="afterEach()[pri:0, instance:com.example.SimpleTest@4466af20]" started-at="2025-09-28T23:06:11 IST" name="afterEach" finished-at="2025-09-28T23:06:11 IST" duration-ms="0" status="PASS">
          <reporter-output>
          </reporter-output>
        </test-method> <!-- afterEach -->
        <test-method is-config="true" signature="tearDown()[pri:0, instance:com.example.SimpleTest@4466af20]" started-at="2025-09-28T23:06:11 IST" name="tearDown" finished-at="2025-09-28T23:06:11 IST" duration-ms="1" status="PASS">
          <reporter-output>
          </reporter-output>
        </test-method> <!-- tearDown -->
      </class> <!-- com.example.SimpleTest -->
    </test> <!-- testng-maven-repo -->
  </suite> <!-- Default Suite -->
</testng-results>
